[Wed May 13 02:00:02 CST 2026] Starting database backup...
[Wed May 13 02:00:02 CST 2026] Backup complete: nexusacg_20260513_020002.dump (48K)
[Wed May 13 02:00:02 CST 2026] Cleaned up backups older than 30 days
[Thu May 14 02:00:01 CST 2026] Starting database backup...
[Thu May 14 02:00:01 CST 2026] Backup complete: nexusacg_20260514_020001.dump (48K)
[Thu May 14 02:00:01 CST 2026] Cleaned up backups older than 30 days
[Fri May 15 02:00:01 CST 2026] Starting database backup...
[Fri May 15 02:00:02 CST 2026] Backup complete: nexusacg_20260515_020001.dump (52K)
[Fri May 15 02:00:02 CST 2026] Cleaned up backups older than 30 days
[Sat May 16 02:00:01 CST 2026] Starting database backup...
[Sat May 16 02:00:01 CST 2026] Backup complete: nexusacg_20260516_020001.dump (52K)
[Sat May 16 02:00:01 CST 2026] Cleaned up backups older than 30 days
[Sun May 17 02:00:01 CST 2026] Starting database backup...
[Sun May 17 02:00:01 CST 2026] Backup complete: nexusacg_20260517_020001.dump (48K)
[Sun May 17 02:00:01 CST 2026] Cleaned up backups older than 30 days
[Mon May 18 02:00:01 CST 2026] Starting database backup...
[Mon May 18 02:00:02 CST 2026] Backup complete: nexusacg_20260518_020001.dump (52K)
[Mon May 18 02:00:02 CST 2026] Cleaned up backups older than 30 days
[Tue May 19 02:00:01 CST 2026] Starting database backup...
[Tue May 19 02:00:02 CST 2026] Backup complete: nexusacg_20260519_020001.dump (52K)
[Tue May 19 02:00:02 CST 2026] Cleaned up backups older than 30 days
